<?xml version="1.0" encoding="UTF-8"?>
<!-- Generated by org.testng.reporters.JUnitReportReporter -->
<testsuite hostname="x120e-M0B4" name="com.webdriver.tests.ExampleTests" tests="1" failures="0" timestamp="2 Apr 2015 07:42:05 GMT" time="44.442" errors="0">
  <testcase name="exampleTest1" time="44.442" classname="com.webdriver.tests.ExampleTests"/>
</testsuite> <!-- com.webdriver.tests.ExampleTests -->
