<?xml version="1.0" encoding="UTF-8"?>
<!-- Generated by org.testng.reporters.JUnitReportReporter -->
<testsuite hostname="x120e-r4m0l5" name="com.webdriver.tests.LoginTest" tests="2" failures="0" timestamp="4 Jun 2015 11:51:28 GMT" time="82.785" errors="0">
  <testcase name="login" time="48.619" classname="com.webdriver.tests.LoginTest"/>
  <testcase name="logout" time="34.166" classname="com.webdriver.tests.LoginTest"/>
</testsuite> <!-- com.webdriver.tests.LoginTest -->
