<?xml version="1.0" encoding="UTF-8"?>
<!-- Generated by org.testng.reporters.JUnitReportReporter -->
<testsuite hostname="x120e-r4m0l5" name="com.webdriver.tests.ConfirmInstructionPlanTest" tests="1" failures="0" timestamp="26 Jun 2015 12:38:16 GMT" time="87.083" errors="0">
  <testcase name="confirmInstructionPlan" time="87.083" classname="com.webdriver.tests.ConfirmInstructionPlanTest"/>
</testsuite> <!-- com.webdriver.tests.ConfirmInstructionPlanTest -->
